生成启动时间为 2017/2/17 11:33:59。
     1>项目“J:\lin\GitSpace\DynControl\DynControl\DynControl.vcxproj”在节点 2 上(build 个目标)。
     1>InitializeBuildStatus:
         正在创建“Debug\DynControl.unsuccessfulbuild”，因为已指定“AlwaysCreate”。
       ClCompile:
         所有输出均为最新。
         C:\Program Files (x86)\Microsoft Visual Studio 10.0\VC\bin\CL.exe /c /ZI /nologo /W3 /WX- /Od /Oy- /D WIN32 /D _WINDOWS /D _DEBUG /D _UNICODE /D UNICODE /D _AFXDLL /Gm /EHsc /RTC1 /MDd /GS /fp:precise /Zc:wchar_t /Zc:forScope /Yu"StdAfx.h" /Fp"Debug\DynControl.pch" /Fo"Debug\\" /Fd"Debug\vc100.pdb" /Gd /TP /analyze- /errorReport:prompt DynControlDlg.cpp
         DynControlDlg.cpp
       ResourceCompile:
         所有输出均为最新。
       ManifestResourceCompile:
         所有输出均为最新。
       Link:
         C:\Program Files (x86)\Microsoft Visual Studio 10.0\VC\bin\link.exe /ERRORREPORT:PROMPT /OUT:"J:\lin\GitSpace\DynControl\Debug\DynControl.exe" /INCREMENTAL /NOLOGO /MANIFEST /ManifestFile:"Debug\DynControl.exe.intermediate.manifest" /MANIFESTUAC:"level='asInvoker' uiAccess='false'" /DEBUG /PDB:"J:\lin\GitSpace\DynControl\Debug\DynControl.pdb" /SUBSYSTEM:WINDOWS /TLBID:1 /ENTRY:"wWinMainCRTStartup" /DYNAMICBASE /NXCOMPAT /IMPLIB:"J:\lin\GitSpace\DynControl\Debug\DynControl.lib" /MACHINE:X86 Debug\DynControl.res
         Debug\DynControl.exe.embed.manifest.res
         Debug\DynControl.obj
         Debug\DynControlDlg.obj
         Debug\stdafx.obj
       Manifest:
         C:\Program Files (x86)\Microsoft SDKs\Windows\v7.0A\bin\mt.exe /nologo /verbose /out:"Debug\DynControl.exe.embed.manifest" /manifest Debug\DynControl.exe.intermediate.manifest "C:\Program Files (x86)\Microsoft Visual Studio 10.0\VC\Include\Manifest\dpiaware.manifest"
         所有输出均为最新。
       LinkEmbedManifest:
         所有输出均为最新。
         DynControl.vcxproj -> J:\lin\GitSpace\DynControl\Debug\DynControl.exe
       FinalizeBuildStatus:
         正在删除文件“Debug\DynControl.unsuccessfulbuild”。
         正在对“Debug\DynControl.lastbuildstate”执行 Touch 任务。
     1>已完成生成项目“J:\lin\GitSpace\DynControl\DynControl\DynControl.vcxproj”(build 个目标)的操作。

生成成功。

已用时间 00:00:00.55
