J:\LIN\GITSPACE\DYNCONTROL\DEBUG\DYNCONTROL.EXE
J:\LIN\GITSPACE\DYNCONTROL\DEBUG\DYNCONTROL.ILK
J:\LIN\GITSPACE\DYNCONTROL\DEBUG\DYNCONTROL.PDB
J:\lin\GitSpace\DynControl\DynControl\Debug\cl.command.1.tlog
J:\lin\GitSpace\DynControl\DynControl\Debug\CL.read.1.tlog
J:\lin\GitSpace\DynControl\DynControl\Debug\CL.write.1.tlog
J:\LIN\GITSPACE\DYNCONTROL\DYNCONTROL\DEBUG\DYNCONTROL.EXE.EMBED.MANIFEST
J:\LIN\GITSPACE\DYNCONTROL\DYNCONTROL\DEBUG\DYNCONTROL.EXE.EMBED.MANIFEST.RES
J:\LIN\GITSPACE\DYNCONTROL\DYNCONTROL\DEBUG\DYNCONTROL.EXE.INTERMEDIATE.MANIFEST
J:\LIN\GITSPACE\DYNCONTROL\DYNCONTROL\DEBUG\DYNCONTROL.OBJ
J:\LIN\GITSPACE\DYNCONTROL\DYNCONTROL\DEBUG\DYNCONTROL.PCH
J:\LIN\GITSPACE\DYNCONTROL\DYNCONTROL\DEBUG\DYNCONTROL.RES
J:\lin\GitSpace\DynControl\DynControl\Debug\DynControl.vcxprojResolveAssemblyReference.cache
J:\lin\GitSpace\DynControl\DynControl\Debug\DynControl.write.1.tlog
J:\lin\GitSpace\DynControl\DynControl\Debug\DynControl_manifest.rc
J:\LIN\GITSPACE\DYNCONTROL\DYNCONTROL\DEBUG\DYNCONTROLDLG.OBJ
J:\lin\GitSpace\DynControl\DynControl\Debug\link.13532.read.1.tlog
J:\lin\GitSpace\DynControl\DynControl\Debug\link.13532.write.1.tlog
J:\lin\GitSpace\DynControl\DynControl\Debug\link.13532-cvtres.read.1.tlog
J:\lin\GitSpace\DynControl\DynControl\Debug\link.13532-cvtres.write.1.tlog
J:\lin\GitSpace\DynControl\DynControl\Debug\link.3096.read.1.tlog
J:\lin\GitSpace\DynControl\DynControl\Debug\link.3096.write.1.tlog
J:\lin\GitSpace\DynControl\DynControl\Debug\link.3096-cvtres.read.1.tlog
J:\lin\GitSpace\DynControl\DynControl\Debug\link.3096-cvtres.write.1.tlog
J:\lin\GitSpace\DynControl\DynControl\Debug\link.5212.read.1.tlog
J:\lin\GitSpace\DynControl\DynControl\Debug\link.5212.write.1.tlog
J:\lin\GitSpace\DynControl\DynControl\Debug\link.5212-cvtres.read.1.tlog
J:\lin\GitSpace\DynControl\DynControl\Debug\link.5212-cvtres.write.1.tlog
J:\lin\GitSpace\DynControl\DynControl\Debug\link.7704.read.1.tlog
J:\lin\GitSpace\DynControl\DynControl\Debug\link.7704.write.1.tlog
J:\lin\GitSpace\DynControl\DynControl\Debug\link.7704-cvtres.read.1.tlog
J:\lin\GitSpace\DynControl\DynControl\Debug\link.7704-cvtres.write.1.tlog
J:\lin\GitSpace\DynControl\DynControl\Debug\link.command.1.tlog
J:\lin\GitSpace\DynControl\DynControl\Debug\link.read.1.tlog
J:\lin\GitSpace\DynControl\DynControl\Debug\link.write.1.tlog
J:\lin\GitSpace\DynControl\DynControl\Debug\link-cvtres.read.1.tlog
J:\lin\GitSpace\DynControl\DynControl\Debug\link-cvtres.write.1.tlog
J:\lin\GitSpace\DynControl\DynControl\Debug\mt.command.1.tlog
J:\lin\GitSpace\DynControl\DynControl\Debug\mt.read.1.tlog
J:\lin\GitSpace\DynControl\DynControl\Debug\mt.write.1.tlog
J:\lin\GitSpace\DynControl\DynControl\Debug\rc.command.1.tlog
J:\lin\GitSpace\DynControl\DynControl\Debug\rc.read.1.tlog
J:\lin\GitSpace\DynControl\DynControl\Debug\rc.write.1.tlog
J:\LIN\GITSPACE\DYNCONTROL\DYNCONTROL\DEBUG\STDAFX.OBJ
J:\lin\GitSpace\DynControl\DynControl\Debug\vc100.idb
J:\LIN\GITSPACE\DYNCONTROL\DYNCONTROL\DEBUG\VC100.PDB
